<?xml version='1.0'?>
<ns2:test-suite xmlns:ns2='urn:model.allure.qatools.yandex.ru' start='1669743961434' stop='1669744019931'>
    <name>Bootcamp E2E: Search bar</name>
    <title>Bootcamp E2E: Search bar</title>
    <test-cases>
        <test-case start='1669743961437' status='passed' stop='1669743961441'>
            <name></name>
            <title></title>
            <labels>
                <label name='language' value='javascript'/>
                <label name='framework' value='wdio'/>
                <label name='thread' value='0-0'/>
            </labels>
            <parameters>
                <parameter kind='argument' name='browser' value='chrome-107.0.5304.110'/>
            </parameters>
            <steps/>
            <attachments/>
        </test-case>
        <test-case start='1669743961441' status='passed' stop='1669743961742'>
            <name>Given I am on the main page</name>
            <title>Given I am on the main page</title>
            <labels>
                <label name='language' value='javascript'/>
                <label name='framework' value='wdio'/>
                <label name='thread' value='0-0'/>
            </labels>
            <parameters>
                <parameter kind='argument' name='browser' value='chrome-107.0.5304.110'/>
            </parameters>
            <steps>
                <step start='1669743961475' status='undefined'>
                    <name>POST /session/:sessionId/url</name>
                    <title>POST /session/:sessionId/url</title>
                    <attachments>
                        <attachment title='Request' source='2130e568-f02f-44b6-a7bb-9438a6c236b1-attachment.json' type='application/json' size='38'/>
                    </attachments>
                    <steps/>
                </step>
            </steps>
            <attachments/>
        </test-case>
        <test-case start='1669743961742' status='broken' stop='1669744019926'>
            <name>When I search for a "Windows" in the middle-top search bar</name>
            <title>When I search for a "Windows" in the middle-top search bar</title>
            <labels>
                <label name='language' value='javascript'/>
                <label name='framework' value='wdio'/>
                <label name='thread' value='0-0'/>
            </labels>
            <parameters>
                <parameter kind='argument' name='browser' value='chrome-107.0.5304.110'/>
            </parameters>
            <steps>
                <step start='1669743961745' status='passed' stop='1669744005771'>
                    <name>POST /session/:sessionId/element</name>
                    <title>POST /session/:sessionId/element</title>
                    <attachments>
                        <attachment title='Request' source='699babf1-01ee-41fb-b97e-0a3fabccd579-attachment.json' type='application/json' size='60'/>
                    </attachments>
                    <steps/>
                </step>
                <step start='1669744005886' status='passed' stop='1669744007577'>
                    <name>POST /session/:sessionId/element/6c701206-b35a-4282-bfc2-700bc5affb16/clear</name>
                    <title>POST /session/:sessionId/element/6c701206-b35a-4282-bfc2-700bc5affb16/clear</title>
                    <attachments/>
                    <steps/>
                </step>
                <step start='1669744007587' status='passed' stop='1669744011785'>
                    <name>POST /session/:sessionId/element/6c701206-b35a-4282-bfc2-700bc5affb16/value</name>
                    <title>POST /session/:sessionId/element/6c701206-b35a-4282-bfc2-700bc5affb16/value</title>
                    <attachments>
                        <attachment title='Request' source='4ab7b829-b58b-48e5-b2c0-41a349aee437-attachment.json' type='application/json' size='23'/>
                    </attachments>
                    <steps/>
                </step>
                <step start='1669744011786' status='passed' stop='1669744013090'>
                    <name>POST /session/:sessionId/element</name>
                    <title>POST /session/:sessionId/element</title>
                    <attachments>
                        <attachment title='Request' source='c1ed6329-f96e-4618-a959-32f2c55c6fef-attachment.json' type='application/json' size='70'/>
                        <attachment title='Response' source='ebcece0b-f853-4116-acb3-08cdcef873c4-attachment.json' type='application/json' size='83'/>
                    </attachments>
                    <steps/>
                </step>
                <step start='1669744013094' status='broken' stop='1669744019926'>
                    <name>POST /session/:sessionId/element/faadf3d9-0dfe-4934-802e-9d36dcb7acac/click</name>
                    <title>POST /session/:sessionId/element/faadf3d9-0dfe-4934-802e-9d36dcb7acac/click</title>
                    <attachments/>
                    <steps/>
                </step>
            </steps>
            <attachments>
                <attachment title='Response' source='1266e8b5-132f-4e7b-987d-72cfe5ef7bdb-attachment.json' type='application/json' size='83'/>
            </attachments>
            <failure>
                <message>element click intercepted: element click intercepted: Element &lt;button class="ico ico-search">...&lt;/button> is not clickable at point (629, 40). Other element would receive the click: &lt;img class="modal-Website-img" src="https://promotions.newegg.com/22-2133/Homepage_Popup_Desktop.png" alt="CYBER MONDAY EXTENDED"></message>
                <stack-trace>element click intercepted: element click intercepted: Element &lt;button class="ico ico-search">...&lt;/button> is not clickable at point (629, 40). Other element would receive the click: &lt;img class="modal-Website-img" src="https://promotions.newegg.com/22-2133/Homepage_Popup_Desktop.png" alt="CYBER MONDAY EXTENDED">
                  (Session info: chrome=107.0.5304.110)
                    at processTicksAndRejections (node:internal/process/task_queues:96:5)</stack-trace>
            </failure>
        </test-case>
        <test-case start='1669744019926' status='broken' stop='1669744019927'>
            <name>Then Check that at least one item appears</name>
            <title>Then Check that at least one item appears</title>
            <labels>
                <label name='language' value='javascript'/>
                <label name='framework' value='wdio'/>
                <label name='thread' value='0-0'/>
            </labels>
            <parameters>
                <parameter kind='argument' name='browser' value='chrome-107.0.5304.110'/>
            </parameters>
            <steps/>
            <attachments/>
            <failure>
                <message>Step "Check that at least one item appears" is not defined. You can ignore this error by setting cucumberOpts.ignoreUndefinedDefinitions as true.</message>
                <stack-trace>Step "Check that at least one item appears" is not defined. You can ignore this error by setting cucumberOpts.ignoreUndefinedDefinitions as true.
                	at Feature(/Users/Julian/Desktop/QA/TA-Bootcamp-E2E/features/bootcamp.feature):1:1
                	at Scenario(Search bar):7:3
                	at Step(Check that at least one item appears):9:5
                </stack-trace>
            </failure>
        </test-case>
        <test-case start='1669744019927' status='passed' stop='1669744019928'>
            <name></name>
            <title></title>
            <labels>
                <label name='language' value='javascript'/>
                <label name='framework' value='wdio'/>
                <label name='thread' value='0-0'/>
            </labels>
            <parameters>
                <parameter kind='argument' name='browser' value='chrome-107.0.5304.110'/>
            </parameters>
            <steps/>
            <attachments/>
        </test-case>
    </test-cases>
</ns2:test-suite>