<?xml version='1.0'?>
<ns2:test-suite xmlns:ns2='urn:model.allure.qatools.yandex.ru' start='1669747601971' stop='1669747615251'>
    <name>Bootcamp E2E: Internet shop logo button</name>
    <title>Bootcamp E2E: Internet shop logo button</title>
    <test-cases>
        <test-case start='1669747601971' status='passed' stop='1669747601973'>
            <name></name>
            <title></title>
            <labels>
                <label name='language' value='javascript'/>
                <label name='framework' value='wdio'/>
                <label name='thread' value='0-0'/>
            </labels>
            <parameters>
                <parameter kind='argument' name='browser' value='chrome-107.0.5304.110'/>
            </parameters>
            <steps/>
            <attachments/>
        </test-case>
        <test-case start='1669747601975' status='broken' stop='1669747615249'>
            <name>Given I am on the main page</name>
            <title>Given I am on the main page</title>
            <labels>
                <label name='language' value='javascript'/>
                <label name='framework' value='wdio'/>
                <label name='thread' value='0-0'/>
            </labels>
            <parameters>
                <parameter kind='argument' name='browser' value='chrome-107.0.5304.110'/>
            </parameters>
            <steps>
                <step start='1669747601976' status='passed' stop='1669747604050'>
                    <name>POST /session/:sessionId/element</name>
                    <title>POST /session/:sessionId/element</title>
                    <attachments>
                        <attachment title='Request' source='41de70a3-a1b6-4873-be25-27f123e7f777-attachment.json' type='application/json' size='65'/>
                        <attachment title='Response' source='fdcdc96f-5276-4ba0-80be-4481050c84d6-attachment.json' type='application/json' size='1948'/>
                    </attachments>
                    <steps>
                        <step start='1669747601995' status='passed' stop='1669747603874'>
                            <name>POST /session/:sessionId/url</name>
                            <title>POST /session/:sessionId/url</title>
                            <attachments>
                                <attachment title='Request' source='969450fa-8f77-42d6-b17c-4b526499a27c-attachment.json' type='application/json' size='38'/>
                            </attachments>
                            <steps/>
                        </step>
                    </steps>
                </step>
                <step start='1669747604478' status='passed' stop='1669747615171'>
                    <name>POST /session/:sessionId/element</name>
                    <title>POST /session/:sessionId/element</title>
                    <attachments>
                        <attachment title='Request' source='1da3638e-8b23-4287-9264-bdc64e92e743-attachment.json' type='application/json' size='65'/>
                    </attachments>
                    <steps/>
                </step>
            </steps>
            <attachments>
                <attachment title='Response' source='da7523c8-b8b0-4ad3-9c5b-e13ea4be7c8a-attachment.json' type='application/json' size='1948'/>
                <attachment title='Response' source='7b9145d5-1d68-4b79-b418-be9dc2d2405d-attachment.json' type='application/json' size='1948'/>
            </attachments>
            <failure>
                <message>Error: element ("//div[@class='dialog-inner']") still not displayed after 10000ms</message>
                <stack-trace>Error: element ("//div[@class='dialog-inner']") still not displayed after 10000ms
                    at processTicksAndRejections (node:internal/process/task_queues:96:5)
                    at async World.&lt;anonymous> (/Users/Julian/Desktop/QA/TA-Bootcamp-E2E/features/step-definitions/common-steps.js:6:5)</stack-trace>
            </failure>
        </test-case>
        <test-case start='1669747615249' status='broken' stop='1669747615250'>
            <name>When Open "Today's Best Deals" tab</name>
            <title>When Open "Today's Best Deals" tab</title>
            <labels>
                <label name='language' value='javascript'/>
                <label name='framework' value='wdio'/>
                <label name='thread' value='0-0'/>
            </labels>
            <parameters>
                <parameter kind='argument' name='browser' value='chrome-107.0.5304.110'/>
            </parameters>
            <steps/>
            <attachments/>
            <failure>
                <message>Step "Open "Today's Best Deals" tab" is not defined. You can ignore this error by setting cucumberOpts.ignoreUndefinedDefinitions as true.</message>
                <stack-trace>Step "Open "Today's Best Deals" tab" is not defined. You can ignore this error by setting cucumberOpts.ignoreUndefinedDefinitions as true.
                	at Feature(/Users/Julian/Desktop/QA/TA-Bootcamp-E2E/features/bootcamp.feature):1:1
                	at Scenario(Internet shop logo button):16:3
                	at Step(Open "Today's Best Deals" tab):17:5
                </stack-trace>
            </failure>
        </test-case>
        <test-case start='1669747615250' status='broken' stop='1669747615250'>
            <name>When Click on the Internet shop logo (top right corner)</name>
            <title>When Click on the Internet shop logo (top right corner)</title>
            <labels>
                <label name='language' value='javascript'/>
                <label name='framework' value='wdio'/>
                <label name='thread' value='0-0'/>
            </labels>
            <parameters>
                <parameter kind='argument' name='browser' value='chrome-107.0.5304.110'/>
            </parameters>
            <steps/>
            <attachments/>
            <failure>
                <message>Step "Click on the Internet shop logo (top right corner)" is not defined. You can ignore this error by setting cucumberOpts.ignoreUndefinedDefinitions as true.</message>
                <stack-trace>Step "Click on the Internet shop logo (top right corner)" is not defined. You can ignore this error by setting cucumberOpts.ignoreUndefinedDefinitions as true.
                	at Feature(/Users/Julian/Desktop/QA/TA-Bootcamp-E2E/features/bootcamp.feature):1:1
                	at Scenario(Internet shop logo button):16:3
                	at Step(Click on the Internet shop logo (top right corner)):18:5
                </stack-trace>
            </failure>
        </test-case>
        <test-case start='1669747615250' status='broken' stop='1669747615251'>
            <name>Then Check that the main page opened</name>
            <title>Then Check that the main page opened</title>
            <labels>
                <label name='language' value='javascript'/>
                <label name='framework' value='wdio'/>
                <label name='thread' value='0-0'/>
            </labels>
            <parameters>
                <parameter kind='argument' name='browser' value='chrome-107.0.5304.110'/>
            </parameters>
            <steps/>
            <attachments/>
            <failure>
                <message>Step "Check that the main page opened" is not defined. You can ignore this error by setting cucumberOpts.ignoreUndefinedDefinitions as true.</message>
                <stack-trace>Step "Check that the main page opened" is not defined. You can ignore this error by setting cucumberOpts.ignoreUndefinedDefinitions as true.
                	at Feature(/Users/Julian/Desktop/QA/TA-Bootcamp-E2E/features/bootcamp.feature):1:1
                	at Scenario(Internet shop logo button):16:3
                	at Step(Check that the main page opened):19:5
                </stack-trace>
            </failure>
        </test-case>
        <test-case start='1669747615251' status='passed' stop='1669747615251'>
            <name></name>
            <title></title>
            <labels>
                <label name='language' value='javascript'/>
                <label name='framework' value='wdio'/>
                <label name='thread' value='0-0'/>
            </labels>
            <parameters>
                <parameter kind='argument' name='browser' value='chrome-107.0.5304.110'/>
            </parameters>
            <steps/>
            <attachments/>
        </test-case>
    </test-cases>
</ns2:test-suite>