<?xml version='1.0'?>
<ns2:test-suite xmlns:ns2='urn:model.allure.qatools.yandex.ru' start='1669743813111' stop='1669743873147'>
    <name>Bootcamp E2E: Search bar</name>
    <title>Bootcamp E2E: Search bar</title>
    <test-cases>
        <test-case start='1669743813112' status='passed' stop='1669743813115'>
            <name></name>
            <title></title>
            <labels>
                <label name='language' value='javascript'/>
                <label name='framework' value='wdio'/>
                <label name='thread' value='0-0'/>
            </labels>
            <parameters>
                <parameter kind='argument' name='browser' value='chrome-107.0.5304.110'/>
            </parameters>
            <steps/>
            <attachments/>
        </test-case>
        <test-case start='1669743813115' status='passed' stop='1669743813139'>
            <name>Given I am on the main page</name>
            <title>Given I am on the main page</title>
            <labels>
                <label name='language' value='javascript'/>
                <label name='framework' value='wdio'/>
                <label name='thread' value='0-0'/>
            </labels>
            <parameters>
                <parameter kind='argument' name='browser' value='chrome-107.0.5304.110'/>
            </parameters>
            <steps>
                <step start='1669743813118' status='undefined'>
                    <name>POST /session/:sessionId/url</name>
                    <title>POST /session/:sessionId/url</title>
                    <attachments>
                        <attachment title='Request' source='e419707e-bf12-454b-8943-c0bc2b130afa-attachment.json' type='application/json' size='38'/>
                    </attachments>
                    <steps/>
                </step>
            </steps>
            <attachments/>
        </test-case>
        <test-case start='1669743813139' status='broken' stop='1669743873145'>
            <name>When I search for a "Windows" in the middle-top search bar</name>
            <title>When I search for a "Windows" in the middle-top search bar</title>
            <labels>
                <label name='language' value='javascript'/>
                <label name='framework' value='wdio'/>
                <label name='thread' value='0-0'/>
            </labels>
            <parameters>
                <parameter kind='argument' name='browser' value='chrome-107.0.5304.110'/>
            </parameters>
            <steps>
                <step start='1669743813142' status='passed' stop='1669743861800'>
                    <name>POST /session/:sessionId/element</name>
                    <title>POST /session/:sessionId/element</title>
                    <attachments>
                        <attachment title='Request' source='d7b94a1e-bf53-4bef-96e3-557b37736ace-attachment.json' type='application/json' size='60'/>
                    </attachments>
                    <steps/>
                </step>
                <step start='1669743862230' status='passed' stop='1669743865230'>
                    <name>POST /session/:sessionId/element/2aec79c5-df79-4832-8992-f6c0265ccf7e/clear</name>
                    <title>POST /session/:sessionId/element/2aec79c5-df79-4832-8992-f6c0265ccf7e/clear</title>
                    <attachments/>
                    <steps/>
                </step>
                <step start='1669743865235' status='passed' stop='1669743872389'>
                    <name>POST /session/:sessionId/element/2aec79c5-df79-4832-8992-f6c0265ccf7e/value</name>
                    <title>POST /session/:sessionId/element/2aec79c5-df79-4832-8992-f6c0265ccf7e/value</title>
                    <attachments>
                        <attachment title='Request' source='7e0889b7-d475-4a8f-a676-cf9004ec2080-attachment.json' type='application/json' size='23'/>
                    </attachments>
                    <steps/>
                </step>
                <step start='1669743872390' status='broken' stop='1669743873145'>
                    <name>POST /session/:sessionId/element</name>
                    <title>POST /session/:sessionId/element</title>
                    <attachments>
                        <attachment title='Request' source='91dd5a31-b207-4b69-9fce-6d41369e1dfa-attachment.json' type='application/json' size='70'/>
                    </attachments>
                    <steps/>
                </step>
            </steps>
            <attachments>
                <attachment title='Response' source='76659c6c-1878-4d72-b1c5-716b097464f7-attachment.json' type='application/json' size='83'/>
            </attachments>
            <failure>
                <message>Error: function timed out, ensure the promise resolves within 60000 milliseconds</message>
                <stack-trace>Error: function timed out, ensure the promise resolves within 60000 milliseconds
                    at Timeout.&lt;anonymous> (/Users/Julian/Desktop/QA/TA-Bootcamp-E2E/node_modules/@cucumber/cucumber/lib/time.js:64:20)
                    at listOnTimeout (node:internal/timers:559:17)
                    at processTimers (node:internal/timers:502:7)</stack-trace>
            </failure>
        </test-case>
        <test-case start='1669743873145' status='broken' stop='1669743873146'>
            <name>Then Check that at least one item appears</name>
            <title>Then Check that at least one item appears</title>
            <labels>
                <label name='language' value='javascript'/>
                <label name='framework' value='wdio'/>
                <label name='thread' value='0-0'/>
            </labels>
            <parameters>
                <parameter kind='argument' name='browser' value='chrome-107.0.5304.110'/>
            </parameters>
            <steps/>
            <attachments/>
            <failure>
                <message>Step "Check that at least one item appears" is not defined. You can ignore this error by setting cucumberOpts.ignoreUndefinedDefinitions as true.</message>
                <stack-trace>Step "Check that at least one item appears" is not defined. You can ignore this error by setting cucumberOpts.ignoreUndefinedDefinitions as true.
                	at Feature(/Users/Julian/Desktop/QA/TA-Bootcamp-E2E/features/bootcamp.feature):1:1
                	at Scenario(Search bar):7:3
                	at Step(Check that at least one item appears):9:5
                </stack-trace>
            </failure>
        </test-case>
        <test-case start='1669743873146' status='passed' stop='1669743873146'>
            <name></name>
            <title></title>
            <labels>
                <label name='language' value='javascript'/>
                <label name='framework' value='wdio'/>
                <label name='thread' value='0-0'/>
            </labels>
            <parameters>
                <parameter kind='argument' name='browser' value='chrome-107.0.5304.110'/>
            </parameters>
            <steps/>
            <attachments/>
        </test-case>
    </test-cases>
</ns2:test-suite>