<?xml version='1.0'?>
<ns2:test-suite xmlns:ns2='urn:model.allure.qatools.yandex.ru' start='1669748996549' stop='1669749018529'>
    <name>Bootcamp E2E: Internet shop logo button</name>
    <title>Bootcamp E2E: Internet shop logo button</title>
    <test-cases>
        <test-case start='1669748996549' status='passed' stop='1669748996549'>
            <name></name>
            <title></title>
            <labels>
                <label name='language' value='javascript'/>
                <label name='framework' value='wdio'/>
                <label name='thread' value='0-0'/>
            </labels>
            <parameters>
                <parameter kind='argument' name='browser' value='chrome-107.0.5304.110'/>
            </parameters>
            <steps/>
            <attachments/>
        </test-case>
        <test-case start='1669748996549' status='broken' stop='1669749018527'>
            <name>Given I am on the main page</name>
            <title>Given I am on the main page</title>
            <labels>
                <label name='language' value='javascript'/>
                <label name='framework' value='wdio'/>
                <label name='thread' value='0-0'/>
            </labels>
            <parameters>
                <parameter kind='argument' name='browser' value='chrome-107.0.5304.110'/>
            </parameters>
            <steps>
                <step start='1669748996550' status='passed' stop='1669748998520'>
                    <name>POST /session/:sessionId/element</name>
                    <title>POST /session/:sessionId/element</title>
                    <attachments>
                        <attachment title='Request' source='c84293a7-f4df-46ed-aea2-d6f4483d2f00-attachment.json' type='application/json' size='65'/>
                        <attachment title='Response' source='dc622e19-7355-4398-936d-c938a408e3f6-attachment.json' type='application/json' size='1948'/>
                    </attachments>
                    <steps>
                        <step start='1669748996552' status='passed' stop='1669748998490'>
                            <name>POST /session/:sessionId/url</name>
                            <title>POST /session/:sessionId/url</title>
                            <attachments>
                                <attachment title='Request' source='639441cb-5741-4ec8-a7b6-97696ba2c35c-attachment.json' type='application/json' size='38'/>
                                <attachment title='Response' source='4a0a2685-ec70-4850-94e0-6bada33bd1fd-attachment.json' type='application/json' size='1948'/>
                            </attachments>
                            <steps/>
                        </step>
                    </steps>
                </step>
                <step start='1669748998522' status='passed' stop='1669749011894'>
                    <name>POST /session/:sessionId/element</name>
                    <title>POST /session/:sessionId/element</title>
                    <attachments>
                        <attachment title='Request' source='69fd229c-f31d-428c-b3a9-8aad897c7bf2-attachment.json' type='application/json' size='65'/>
                    </attachments>
                    <steps/>
                </step>
                <step start='1669749011971' status='passed' stop='1669749012614'>
                    <name>POST /session/:sessionId/element</name>
                    <title>POST /session/:sessionId/element</title>
                    <attachments>
                        <attachment title='Request' source='f7384ae8-1d9e-468c-8f04-9fb3cb1c176c-attachment.json' type='application/json' size='65'/>
                        <attachment title='Response' source='f936b89f-b81a-4a7b-b832-23b51bccd093-attachment.json' type='application/json' size='1948'/>
                    </attachments>
                    <steps/>
                </step>
                <step start='1669749012618' status='passed' stop='1669749013866'>
                    <name>POST /session/:sessionId/element</name>
                    <title>POST /session/:sessionId/element</title>
                    <attachments>
                        <attachment title='Request' source='a549363c-615b-4a64-b882-20e35e27e3f1-attachment.json' type='application/json' size='65'/>
                        <attachment title='Response' source='58fe40f6-43f6-43fd-851c-badee4a7a5d3-attachment.json' type='application/json' size='1948'/>
                    </attachments>
                    <steps/>
                </step>
                <step start='1669749013869' status='passed' stop='1669749014176'>
                    <name>POST /session/:sessionId/element</name>
                    <title>POST /session/:sessionId/element</title>
                    <attachments>
                        <attachment title='Request' source='167e8936-894b-4d1f-b2a9-00f9abbae708-attachment.json' type='application/json' size='65'/>
                        <attachment title='Response' source='c002b4e0-06bc-4c84-b146-958cf81ae523-attachment.json' type='application/json' size='1948'/>
                    </attachments>
                    <steps/>
                </step>
                <step start='1669749014179' status='passed' stop='1669749015180'>
                    <name>POST /session/:sessionId/element</name>
                    <title>POST /session/:sessionId/element</title>
                    <attachments>
                        <attachment title='Request' source='ceda8429-05ad-48cd-af97-618df1f76839-attachment.json' type='application/json' size='65'/>
                        <attachment title='Response' source='71a25f5e-1b48-441a-ab70-40d52a952f93-attachment.json' type='application/json' size='1948'/>
                    </attachments>
                    <steps/>
                </step>
                <step start='1669749015188' status='broken' stop='1669749018526'>
                    <name>POST /session/:sessionId/element</name>
                    <title>POST /session/:sessionId/element</title>
                    <attachments>
                        <attachment title='Request' source='0ac9240c-df2f-4493-858c-19d1323ac510-attachment.json' type='application/json' size='65'/>
                    </attachments>
                    <steps/>
                </step>
            </steps>
            <attachments>
                <attachment title='Response' source='1cfe0a57-ea3a-40b4-a277-6a076aa8a694-attachment.json' type='application/json' size='1948'/>
            </attachments>
            <failure>
                <message>Error: element ("//div[@class='dialog-inner']") still not displayed after 20000ms</message>
                <stack-trace>Error: element ("//div[@class='dialog-inner']") still not displayed after 20000ms
                    at async World.&lt;anonymous> (/Users/Julian/Desktop/QA/TA-Bootcamp-E2E/features/step-definitions/common-steps.js:5:5)</stack-trace>
            </failure>
        </test-case>
        <test-case start='1669749018527' status='broken' stop='1669749018527'>
            <name>When Open "Today's Best Deals" tab</name>
            <title>When Open "Today's Best Deals" tab</title>
            <labels>
                <label name='language' value='javascript'/>
                <label name='framework' value='wdio'/>
                <label name='thread' value='0-0'/>
            </labels>
            <parameters>
                <parameter kind='argument' name='browser' value='chrome-107.0.5304.110'/>
            </parameters>
            <steps/>
            <attachments/>
            <failure>
                <message>Step "Open "Today's Best Deals" tab" is not defined. You can ignore this error by setting cucumberOpts.ignoreUndefinedDefinitions as true.</message>
                <stack-trace>Step "Open "Today's Best Deals" tab" is not defined. You can ignore this error by setting cucumberOpts.ignoreUndefinedDefinitions as true.
                	at Feature(/Users/Julian/Desktop/QA/TA-Bootcamp-E2E/features/bootcamp.feature):1:1
                	at Scenario(Internet shop logo button):16:3
                	at Step(Open "Today's Best Deals" tab):17:5
                </stack-trace>
            </failure>
        </test-case>
        <test-case start='1669749018527' status='broken' stop='1669749018527'>
            <name>When Click on the Internet shop logo (top right corner)</name>
            <title>When Click on the Internet shop logo (top right corner)</title>
            <labels>
                <label name='language' value='javascript'/>
                <label name='framework' value='wdio'/>
                <label name='thread' value='0-0'/>
            </labels>
            <parameters>
                <parameter kind='argument' name='browser' value='chrome-107.0.5304.110'/>
            </parameters>
            <steps/>
            <attachments/>
            <failure>
                <message>Step "Click on the Internet shop logo (top right corner)" is not defined. You can ignore this error by setting cucumberOpts.ignoreUndefinedDefinitions as true.</message>
                <stack-trace>Step "Click on the Internet shop logo (top right corner)" is not defined. You can ignore this error by setting cucumberOpts.ignoreUndefinedDefinitions as true.
                	at Feature(/Users/Julian/Desktop/QA/TA-Bootcamp-E2E/features/bootcamp.feature):1:1
                	at Scenario(Internet shop logo button):16:3
                	at Step(Click on the Internet shop logo (top right corner)):18:5
                </stack-trace>
            </failure>
        </test-case>
        <test-case start='1669749018528' status='broken' stop='1669749018528'>
            <name>Then Check that the main page opened</name>
            <title>Then Check that the main page opened</title>
            <labels>
                <label name='language' value='javascript'/>
                <label name='framework' value='wdio'/>
                <label name='thread' value='0-0'/>
            </labels>
            <parameters>
                <parameter kind='argument' name='browser' value='chrome-107.0.5304.110'/>
            </parameters>
            <steps/>
            <attachments/>
            <failure>
                <message>Step "Check that the main page opened" is not defined. You can ignore this error by setting cucumberOpts.ignoreUndefinedDefinitions as true.</message>
                <stack-trace>Step "Check that the main page opened" is not defined. You can ignore this error by setting cucumberOpts.ignoreUndefinedDefinitions as true.
                	at Feature(/Users/Julian/Desktop/QA/TA-Bootcamp-E2E/features/bootcamp.feature):1:1
                	at Scenario(Internet shop logo button):16:3
                	at Step(Check that the main page opened):19:5
                </stack-trace>
            </failure>
        </test-case>
        <test-case start='1669749018528' status='passed' stop='1669749018528'>
            <name></name>
            <title></title>
            <labels>
                <label name='language' value='javascript'/>
                <label name='framework' value='wdio'/>
                <label name='thread' value='0-0'/>
            </labels>
            <parameters>
                <parameter kind='argument' name='browser' value='chrome-107.0.5304.110'/>
            </parameters>
            <steps/>
            <attachments/>
        </test-case>
    </test-cases>
</ns2:test-suite>