<?xml version='1.0'?>
<ns2:test-suite xmlns:ns2='urn:model.allure.qatools.yandex.ru' start='1669748006683' stop='1669748017750'>
    <name>Bootcamp E2E: Internet shop logo button</name>
    <title>Bootcamp E2E: Internet shop logo button</title>
    <test-cases>
        <test-case start='1669748006683' status='passed' stop='1669748006683'>
            <name></name>
            <title></title>
            <labels>
                <label name='language' value='javascript'/>
                <label name='framework' value='wdio'/>
                <label name='thread' value='0-0'/>
            </labels>
            <parameters>
                <parameter kind='argument' name='browser' value='chrome-107.0.5304.110'/>
            </parameters>
            <steps/>
            <attachments/>
        </test-case>
        <test-case start='1669748006684' status='broken' stop='1669748017746'>
            <name>Given I am on the main page</name>
            <title>Given I am on the main page</title>
            <labels>
                <label name='language' value='javascript'/>
                <label name='framework' value='wdio'/>
                <label name='thread' value='0-0'/>
            </labels>
            <parameters>
                <parameter kind='argument' name='browser' value='chrome-107.0.5304.110'/>
            </parameters>
            <steps>
                <step start='1669748006684' status='passed' stop='1669748017743'>
                    <name>POST /session/:sessionId/element</name>
                    <title>POST /session/:sessionId/element</title>
                    <attachments>
                        <attachment title='Request' source='cc816a15-00cc-484f-84dd-003821f805a0-attachment.json' type='application/json' size='65'/>
                        <attachment title='Response' source='da37cbf8-4dc1-4f5f-8481-b51e8d9ce869-attachment.json' type='application/json' size='1948'/>
                    </attachments>
                    <steps>
                        <step start='1669748006691' status='passed' stop='1669748006892'>
                            <name>POST /session/:sessionId/url</name>
                            <title>POST /session/:sessionId/url</title>
                            <attachments>
                                <attachment title='Request' source='c4c76790-104e-449c-87a2-362d30fdde5c-attachment.json' type='application/json' size='38'/>
                                <attachment title='Response' source='43121ead-9c32-418f-8cc8-06b8d5927de5-attachment.json' type='application/json' size='1948'/>
                            </attachments>
                            <steps/>
                        </step>
                        <step start='1669748006901' status='passed' stop='1669748017259'>
                            <name>POST /session/:sessionId/element</name>
                            <title>POST /session/:sessionId/element</title>
                            <attachments>
                                <attachment title='Request' source='3dd69fbb-aea2-4d0f-835a-c37fe3d1a29e-attachment.json' type='application/json' size='65'/>
                            </attachments>
                            <steps/>
                        </step>
                    </steps>
                </step>
            </steps>
            <attachments/>
            <failure>
                <message>Error: element ("//div[@class='dialog-inner']") still not displayed after 10000ms</message>
                <stack-trace>Error: element ("//div[@class='dialog-inner']") still not displayed after 10000ms
                    at processTicksAndRejections (node:internal/process/task_queues:96:5)
                    at async World.&lt;anonymous> (/Users/Julian/Desktop/QA/TA-Bootcamp-E2E/features/step-definitions/common-steps.js:5:5)</stack-trace>
            </failure>
        </test-case>
        <test-case start='1669748017747' status='broken' stop='1669748017747'>
            <name>When Open "Today's Best Deals" tab</name>
            <title>When Open "Today's Best Deals" tab</title>
            <labels>
                <label name='language' value='javascript'/>
                <label name='framework' value='wdio'/>
                <label name='thread' value='0-0'/>
            </labels>
            <parameters>
                <parameter kind='argument' name='browser' value='chrome-107.0.5304.110'/>
            </parameters>
            <steps/>
            <attachments/>
            <failure>
                <message>Step "Open "Today's Best Deals" tab" is not defined. You can ignore this error by setting cucumberOpts.ignoreUndefinedDefinitions as true.</message>
                <stack-trace>Step "Open "Today's Best Deals" tab" is not defined. You can ignore this error by setting cucumberOpts.ignoreUndefinedDefinitions as true.
                	at Feature(/Users/Julian/Desktop/QA/TA-Bootcamp-E2E/features/bootcamp.feature):1:1
                	at Scenario(Internet shop logo button):16:3
                	at Step(Open "Today's Best Deals" tab):17:5
                </stack-trace>
            </failure>
        </test-case>
        <test-case start='1669748017747' status='broken' stop='1669748017748'>
            <name>When Click on the Internet shop logo (top right corner)</name>
            <title>When Click on the Internet shop logo (top right corner)</title>
            <labels>
                <label name='language' value='javascript'/>
                <label name='framework' value='wdio'/>
                <label name='thread' value='0-0'/>
            </labels>
            <parameters>
                <parameter kind='argument' name='browser' value='chrome-107.0.5304.110'/>
            </parameters>
            <steps/>
            <attachments/>
            <failure>
                <message>Step "Click on the Internet shop logo (top right corner)" is not defined. You can ignore this error by setting cucumberOpts.ignoreUndefinedDefinitions as true.</message>
                <stack-trace>Step "Click on the Internet shop logo (top right corner)" is not defined. You can ignore this error by setting cucumberOpts.ignoreUndefinedDefinitions as true.
                	at Feature(/Users/Julian/Desktop/QA/TA-Bootcamp-E2E/features/bootcamp.feature):1:1
                	at Scenario(Internet shop logo button):16:3
                	at Step(Click on the Internet shop logo (top right corner)):18:5
                </stack-trace>
            </failure>
        </test-case>
        <test-case start='1669748017748' status='broken' stop='1669748017749'>
            <name>Then Check that the main page opened</name>
            <title>Then Check that the main page opened</title>
            <labels>
                <label name='language' value='javascript'/>
                <label name='framework' value='wdio'/>
                <label name='thread' value='0-0'/>
            </labels>
            <parameters>
                <parameter kind='argument' name='browser' value='chrome-107.0.5304.110'/>
            </parameters>
            <steps/>
            <attachments/>
            <failure>
                <message>Step "Check that the main page opened" is not defined. You can ignore this error by setting cucumberOpts.ignoreUndefinedDefinitions as true.</message>
                <stack-trace>Step "Check that the main page opened" is not defined. You can ignore this error by setting cucumberOpts.ignoreUndefinedDefinitions as true.
                	at Feature(/Users/Julian/Desktop/QA/TA-Bootcamp-E2E/features/bootcamp.feature):1:1
                	at Scenario(Internet shop logo button):16:3
                	at Step(Check that the main page opened):19:5
                </stack-trace>
            </failure>
        </test-case>
        <test-case start='1669748017749' status='passed' stop='1669748017749'>
            <name></name>
            <title></title>
            <labels>
                <label name='language' value='javascript'/>
                <label name='framework' value='wdio'/>
                <label name='thread' value='0-0'/>
            </labels>
            <parameters>
                <parameter kind='argument' name='browser' value='chrome-107.0.5304.110'/>
            </parameters>
            <steps/>
            <attachments/>
        </test-case>
    </test-cases>
</ns2:test-suite>