<?xml version='1.0'?>
<ns2:test-suite xmlns:ns2='urn:model.allure.qatools.yandex.ru' start='1669743645056' stop='1669743705125'>
    <name>Bootcamp E2E: Search bar</name>
    <title>Bootcamp E2E: Search bar</title>
    <test-cases>
        <test-case start='1669743645058' status='passed' stop='1669743645059'>
            <name></name>
            <title></title>
            <labels>
                <label name='language' value='javascript'/>
                <label name='framework' value='wdio'/>
                <label name='thread' value='0-0'/>
            </labels>
            <parameters>
                <parameter kind='argument' name='browser' value='chrome-107.0.5304.110'/>
            </parameters>
            <steps/>
            <attachments/>
        </test-case>
        <test-case start='1669743645060' status='passed' stop='1669743645107'>
            <name>Given I am on the main page</name>
            <title>Given I am on the main page</title>
            <labels>
                <label name='language' value='javascript'/>
                <label name='framework' value='wdio'/>
                <label name='thread' value='0-0'/>
            </labels>
            <parameters>
                <parameter kind='argument' name='browser' value='chrome-107.0.5304.110'/>
            </parameters>
            <steps>
                <step start='1669743645069' status='undefined'>
                    <name>POST /session/:sessionId/url</name>
                    <title>POST /session/:sessionId/url</title>
                    <attachments>
                        <attachment title='Request' source='d19f3273-b78a-412e-a86e-bf0b5458d985-attachment.json' type='application/json' size='38'/>
                    </attachments>
                    <steps/>
                </step>
            </steps>
            <attachments/>
        </test-case>
        <test-case start='1669743645107' status='broken' stop='1669743705122'>
            <name>When I search for a "Windows" in the middle-top search bar</name>
            <title>When I search for a "Windows" in the middle-top search bar</title>
            <labels>
                <label name='language' value='javascript'/>
                <label name='framework' value='wdio'/>
                <label name='thread' value='0-0'/>
            </labels>
            <parameters>
                <parameter kind='argument' name='browser' value='chrome-107.0.5304.110'/>
            </parameters>
            <steps>
                <step start='1669743645115' status='passed' stop='1669743693653'>
                    <name>POST /session/:sessionId/element</name>
                    <title>POST /session/:sessionId/element</title>
                    <attachments>
                        <attachment title='Request' source='5edc5814-b0c5-458f-9554-103064f8d113-attachment.json' type='application/json' size='60'/>
                    </attachments>
                    <steps/>
                </step>
                <step start='1669743694011' status='passed' stop='1669743699484'>
                    <name>POST /session/:sessionId/element/63d6fc62-478c-405b-aafc-a96a7926d9f6/clear</name>
                    <title>POST /session/:sessionId/element/63d6fc62-478c-405b-aafc-a96a7926d9f6/clear</title>
                    <attachments/>
                    <steps/>
                </step>
                <step start='1669743699501' status='passed' stop='1669743704327'>
                    <name>POST /session/:sessionId/element/63d6fc62-478c-405b-aafc-a96a7926d9f6/value</name>
                    <title>POST /session/:sessionId/element/63d6fc62-478c-405b-aafc-a96a7926d9f6/value</title>
                    <attachments>
                        <attachment title='Request' source='a203015a-9c26-4feb-a56d-99668548fca3-attachment.json' type='application/json' size='23'/>
                    </attachments>
                    <steps/>
                </step>
                <step start='1669743704328' status='passed' stop='1669743704738'>
                    <name>POST /session/:sessionId/element</name>
                    <title>POST /session/:sessionId/element</title>
                    <attachments>
                        <attachment title='Request' source='ecc7faa5-949d-4660-9379-d52a632c9724-attachment.json' type='application/json' size='70'/>
                        <attachment title='Response' source='741a6dd7-4cac-4acb-9084-fe2b279cb1c1-attachment.json' type='application/json' size='83'/>
                    </attachments>
                    <steps/>
                </step>
                <step start='1669743704742' status='broken' stop='1669743705122'>
                    <name>POST /session/:sessionId/element/93920b55-008f-490e-a7b3-48ba443dc5ce/click</name>
                    <title>POST /session/:sessionId/element/93920b55-008f-490e-a7b3-48ba443dc5ce/click</title>
                    <attachments/>
                    <steps/>
                </step>
            </steps>
            <attachments>
                <attachment title='Response' source='e1ba385a-8810-4836-9297-5a59a910c5e4-attachment.json' type='application/json' size='83'/>
            </attachments>
            <failure>
                <message>Error: function timed out, ensure the promise resolves within 60000 milliseconds</message>
                <stack-trace>Error: function timed out, ensure the promise resolves within 60000 milliseconds
                    at Timeout.&lt;anonymous> (/Users/Julian/Desktop/QA/TA-Bootcamp-E2E/node_modules/@cucumber/cucumber/lib/time.js:64:20)
                    at listOnTimeout (node:internal/timers:559:17)
                    at processTimers (node:internal/timers:502:7)</stack-trace>
            </failure>
        </test-case>
        <test-case start='1669743705123' status='broken' stop='1669743705123'>
            <name>Then Check that at least one item appears</name>
            <title>Then Check that at least one item appears</title>
            <labels>
                <label name='language' value='javascript'/>
                <label name='framework' value='wdio'/>
                <label name='thread' value='0-0'/>
            </labels>
            <parameters>
                <parameter kind='argument' name='browser' value='chrome-107.0.5304.110'/>
            </parameters>
            <steps/>
            <attachments/>
            <failure>
                <message>Step "Check that at least one item appears" is not defined. You can ignore this error by setting cucumberOpts.ignoreUndefinedDefinitions as true.</message>
                <stack-trace>Step "Check that at least one item appears" is not defined. You can ignore this error by setting cucumberOpts.ignoreUndefinedDefinitions as true.
                	at Feature(/Users/Julian/Desktop/QA/TA-Bootcamp-E2E/features/bootcamp.feature):1:1
                	at Scenario(Search bar):7:3
                	at Step(Check that at least one item appears):9:5
                </stack-trace>
            </failure>
        </test-case>
        <test-case start='1669743705123' status='passed' stop='1669743705124'>
            <name></name>
            <title></title>
            <labels>
                <label name='language' value='javascript'/>
                <label name='framework' value='wdio'/>
                <label name='thread' value='0-0'/>
            </labels>
            <parameters>
                <parameter kind='argument' name='browser' value='chrome-107.0.5304.110'/>
            </parameters>
            <steps/>
            <attachments/>
        </test-case>
    </test-cases>
</ns2:test-suite>