<?xml version='1.0'?>
<ns2:test-suite xmlns:ns2='urn:model.allure.qatools.yandex.ru' start='1669743044659' stop='1669743044696'>
    <name>Bootcamp E2E: Internet shop logo button</name>
    <title>Bootcamp E2E: Internet shop logo button</title>
    <test-cases>
        <test-case start='1669743044659' status='passed' stop='1669743044660'>
            <name></name>
            <title></title>
            <labels>
                <label name='language' value='javascript'/>
                <label name='framework' value='wdio'/>
                <label name='thread' value='0-0'/>
            </labels>
            <parameters>
                <parameter kind='argument' name='browser' value='chrome-107.0.5304.110'/>
            </parameters>
            <steps/>
            <attachments/>
        </test-case>
        <test-case start='1669743044660' status='passed' stop='1669743044683'>
            <name>Given I am on the main page</name>
            <title>Given I am on the main page</title>
            <labels>
                <label name='language' value='javascript'/>
                <label name='framework' value='wdio'/>
                <label name='thread' value='0-0'/>
            </labels>
            <parameters>
                <parameter kind='argument' name='browser' value='chrome-107.0.5304.110'/>
            </parameters>
            <steps>
                <step start='1669743044664' status='undefined'>
                    <name>POST /session/:sessionId/url</name>
                    <title>POST /session/:sessionId/url</title>
                    <attachments>
                        <attachment title='Request' source='d65eac87-f1bf-40ea-b6b4-f7ab0304772c-attachment.json' type='application/json' size='38'/>
                    </attachments>
                    <steps/>
                </step>
            </steps>
            <attachments/>
        </test-case>
        <test-case start='1669743044684' status='broken' stop='1669743044691'>
            <name>When Open "Today's Best Deals" tab</name>
            <title>When Open "Today's Best Deals" tab</title>
            <labels>
                <label name='language' value='javascript'/>
                <label name='framework' value='wdio'/>
                <label name='thread' value='0-0'/>
            </labels>
            <parameters>
                <parameter kind='argument' name='browser' value='chrome-107.0.5304.110'/>
            </parameters>
            <steps/>
            <attachments/>
            <failure>
                <message>Step "Open "Today's Best Deals" tab" is not defined. You can ignore this error by setting cucumberOpts.ignoreUndefinedDefinitions as true.</message>
                <stack-trace>Step "Open "Today's Best Deals" tab" is not defined. You can ignore this error by setting cucumberOpts.ignoreUndefinedDefinitions as true.
                	at Feature(/Users/Julian/Desktop/QA/TA-Bootcamp-E2E/features/bootcamp.feature):1:1
                	at Scenario(Internet shop logo button):12:3
                	at Step(Open "Today's Best Deals" tab):13:5
                </stack-trace>
            </failure>
        </test-case>
        <test-case start='1669743044691' status='broken' stop='1669743044691'>
            <name>When Click on the Internet shop logo (top right corner)</name>
            <title>When Click on the Internet shop logo (top right corner)</title>
            <labels>
                <label name='language' value='javascript'/>
                <label name='framework' value='wdio'/>
                <label name='thread' value='0-0'/>
            </labels>
            <parameters>
                <parameter kind='argument' name='browser' value='chrome-107.0.5304.110'/>
            </parameters>
            <steps/>
            <attachments/>
            <failure>
                <message>Step "Click on the Internet shop logo (top right corner)" is not defined. You can ignore this error by setting cucumberOpts.ignoreUndefinedDefinitions as true.</message>
                <stack-trace>Step "Click on the Internet shop logo (top right corner)" is not defined. You can ignore this error by setting cucumberOpts.ignoreUndefinedDefinitions as true.
                	at Feature(/Users/Julian/Desktop/QA/TA-Bootcamp-E2E/features/bootcamp.feature):1:1
                	at Scenario(Internet shop logo button):12:3
                	at Step(Click on the Internet shop logo (top right corner)):14:5
                </stack-trace>
            </failure>
        </test-case>
        <test-case start='1669743044693' status='broken' stop='1669743044693'>
            <name>Then Check that the main page opened</name>
            <title>Then Check that the main page opened</title>
            <labels>
                <label name='language' value='javascript'/>
                <label name='framework' value='wdio'/>
                <label name='thread' value='0-0'/>
            </labels>
            <parameters>
                <parameter kind='argument' name='browser' value='chrome-107.0.5304.110'/>
            </parameters>
            <steps/>
            <attachments/>
            <failure>
                <message>Step "Check that the main page opened" is not defined. You can ignore this error by setting cucumberOpts.ignoreUndefinedDefinitions as true.</message>
                <stack-trace>Step "Check that the main page opened" is not defined. You can ignore this error by setting cucumberOpts.ignoreUndefinedDefinitions as true.
                	at Feature(/Users/Julian/Desktop/QA/TA-Bootcamp-E2E/features/bootcamp.feature):1:1
                	at Scenario(Internet shop logo button):12:3
                	at Step(Check that the main page opened):15:5
                </stack-trace>
            </failure>
        </test-case>
        <test-case start='1669743044694' status='passed' stop='1669743044695'>
            <name></name>
            <title></title>
            <labels>
                <label name='language' value='javascript'/>
                <label name='framework' value='wdio'/>
                <label name='thread' value='0-0'/>
            </labels>
            <parameters>
                <parameter kind='argument' name='browser' value='chrome-107.0.5304.110'/>
            </parameters>
            <steps/>
            <attachments/>
        </test-case>
    </test-cases>
</ns2:test-suite>